<?xml version="1.0" encoding="UTF-8"?>
<!-- Generated by org.testng.reporters.JUnitXMLReporter -->
<testsuite ignored="0" hostname="DESKTOP-FD7ROMO" failures="1" tests="13" name="Test" time="123.238" errors="0" timestamp="2023-05-30T21:04:25 IST">
  <testcase classname="com.orangehrm.test.LoginPageTest" name="@BeforeMethod setup" time="8.041">
    <failure type="org.openqa.selenium.NoSuchWindowException" message="no such window: target window already closed
from unknown error: web view not found
  (Session info: chrome=113.0.5672.127)
Build info: version: &amp;apos;4.4.0&amp;apos;, revision: &amp;apos;e5c75ed026a&amp;apos;
System info: host: &amp;apos;DESKTOP-FD7ROMO&amp;apos;, ip: &amp;apos;192.168.43.82&amp;apos;, os.name: &amp;apos;Windows 10&amp;apos;, os.arch: &amp;apos;amd64&amp;apos;, os.version: &amp;apos;10.0&amp;apos;, java.version: &amp;apos;17&amp;apos;
Driver info: org.openqa.selenium.chrome.ChromeDriver
Command: [20e755c3ed716fd3e6fec0709570f3da, maximizeCurrentWindow {}]
Capabilities {acceptInsecureCerts: false, browserName: chrome, browserVersion: 113.0.5672.127, chrome: {chromedriverVersion: 113.0.5672.63 (0e1a4471d5ae..., userDataDir: C:\Users\khatu\AppData\Loca...}, goog:chromeOptions: {debuggerAddress: localhost:53068}, networkConnectionEnabled: false, pageLoadStrategy: normal, platformName: WINDOWS, proxy: Proxy(), se:cdp: ws://localhost:53068/devtoo..., se:cdpVersion: 113.0.5672.127, setWindowRect: true, strictFileInteractability: false, timeouts: {implicit: 0, pageLoad: 300000, script: 30000}, unhandledPromptBehavior: dismiss and notify, webauthn:extension:credBlob: true, webauthn:extension:largeBlob: true, webauthn:extension:minPinLength: true, webauthn:extension:prf: true, webauthn:virtualAuthenticators: true}
Session ID: 20e755c3ed716fd3e6fec0709570f3da">
      <![CDATA[org.openqa.selenium.NoSuchWindowException: no such window: target window already closed
from unknown error: web view not found
  (Session info: chrome=113.0.5672.127)
Build info: version: '4.4.0', revision: 'e5c75ed026a'
System info: host: 'DESKTOP-FD7ROMO', ip: '192.168.43.82', os.name: 'Windows 10', os.arch: 'amd64', os.version: '10.0', java.version: '17'
Driver info: org.openqa.selenium.chrome.ChromeDriver
Command: [20e755c3ed716fd3e6fec0709570f3da, maximizeCurrentWindow {}]
Capabilities {acceptInsecureCerts: false, browserName: chrome, browserVersion: 113.0.5672.127, chrome: {chromedriverVersion: 113.0.5672.63 (0e1a4471d5ae..., userDataDir: C:\Users\khatu\AppData\Loca...}, goog:chromeOptions: {debuggerAddress: localhost:53068}, networkConnectionEnabled: false, pageLoadStrategy: normal, platformName: WINDOWS, proxy: Proxy(), se:cdp: ws://localhost:53068/devtoo..., se:cdpVersion: 113.0.5672.127, setWindowRect: true, strictFileInteractability: false, timeouts: {implicit: 0, pageLoad: 300000, script: 30000}, unhandledPromptBehavior: dismiss and notify, webauthn:extension:credBlob: true, webauthn:extension:largeBlob: true, webauthn:extension:minPinLength: true, webauthn:extension:prf: true, webauthn:virtualAuthenticators: true}
Session ID: 20e755c3ed716fd3e6fec0709570f3da
at org.openqa.selenium.remote.codec.w3c.W3CHttpResponseCodec.createException(W3CHttpResponseCodec.java:200)
at org.openqa.selenium.remote.codec.w3c.W3CHttpResponseCodec.decode(W3CHttpResponseCodec.java:133)
at org.openqa.selenium.remote.codec.w3c.W3CHttpResponseCodec.decode(W3CHttpResponseCodec.java:53)
at org.openqa.selenium.remote.HttpCommandExecutor.execute(HttpCommandExecutor.java:184)
at org.openqa.selenium.remote.service.DriverCommandExecutor.invokeExecute(DriverCommandExecutor.java:167)
at org.openqa.selenium.remote.service.DriverCommandExecutor.execute(DriverCommandExecutor.java:142)
at org.openqa.selenium.remote.RemoteWebDriver.execute(RemoteWebDriver.java:547)
at org.openqa.selenium.remote.RemoteWebDriver.execute(RemoteWebDriver.java:602)
at org.openqa.selenium.remote.RemoteWebDriver.execute(RemoteWebDriver.java:606)
at org.openqa.selenium.remote.RemoteWebDriver$RemoteWebDriverOptions$RemoteWindow.maximize(RemoteWebDriver.java:1002)
at com.orangehrm.qa.base.TestBase.initialization(TestBase.java:25)
at com.orangehrm.test.LoginPageTest.setup(LoginPageTest.java:19)
at java.base/java.util.ArrayList.forEach(ArrayList.java:1511)
... Removed 36 stack frames]]>
    </failure>
  </testcase> <!-- @BeforeMethod setup -->
  <testcase classname="com.orangehrm.test.LoginPageTest" name="@AfterMethod tearDown" time="-1.685460820816E9">
    <skipped/>
  </testcase> <!-- @AfterMethod tearDown -->
  <testcase classname="com.orangehrm.test.LoginPageTest" name="@BeforeMethod setup" time="-1.685460820819E9">
    <skipped/>
  </testcase> <!-- @BeforeMethod setup -->
  <testcase classname="com.orangehrm.test.LoginPageTest" name="@AfterMethod tearDown" time="-1.685460820825E9">
    <skipped/>
  </testcase> <!-- @AfterMethod tearDown -->
  <testcase classname="com.orangehrm.test.LoginPageTest" name="@BeforeMethod setup" time="-1.685460820826E9">
    <skipped/>
  </testcase> <!-- @BeforeMethod setup -->
  <testcase classname="com.orangehrm.test.LoginPageTest" name="@AfterMethod tearDown" time="-1.685460820834E9">
    <skipped/>
  </testcase> <!-- @AfterMethod tearDown -->
  <testcase classname="com.orangehrm.test.LoginPageTest" name="@BeforeMethod setup" time="-1.685460820836E9">
    <skipped/>
  </testcase> <!-- @BeforeMethod setup -->
  <testcase classname="com.orangehrm.test.LoginPageTest" name="@AfterMethod tearDown" time="-1.685460820841E9">
    <skipped/>
  </testcase> <!-- @AfterMethod tearDown -->
  <testcase classname="com.orangehrm.test.LoginPageTest" name="@BeforeMethod setup" time="-1.685460820845E9">
    <skipped/>
  </testcase> <!-- @BeforeMethod setup -->
  <testcase classname="com.orangehrm.test.LoginPageTest" name="@AfterMethod tearDown" time="-1.685460820849E9">
    <skipped/>
  </testcase> <!-- @AfterMethod tearDown -->
  <testcase classname="com.orangehrm.test.LoginPageTest" name="@BeforeMethod setup" time="-1.68546082085E9">
    <skipped/>
  </testcase> <!-- @BeforeMethod setup -->
  <testcase classname="com.orangehrm.test.LoginPageTest" name="@AfterMethod tearDown" time="-1.685460820855E9">
    <skipped/>
  </testcase> <!-- @AfterMethod tearDown -->
  <testcase classname="com.orangehrm.test.LoginPageTest" name="@BeforeMethod setup" time="-1.685460820857E9">
    <skipped/>
  </testcase> <!-- @BeforeMethod setup -->
  <testcase classname="com.orangehrm.test.LoginPageTest" name="@AfterMethod tearDown" time="-1.685460820859E9">
    <skipped/>
  </testcase> <!-- @AfterMethod tearDown -->
  <testcase classname="com.orangehrm.test.LoginPageTest" name="@BeforeMethod setup" time="-1.68546082086E9">
    <skipped/>
  </testcase> <!-- @BeforeMethod setup -->
  <testcase classname="com.orangehrm.test.LoginPageTest" name="@AfterMethod tearDown" time="-1.685460820863E9">
    <skipped/>
  </testcase> <!-- @AfterMethod tearDown -->
  <testcase classname="com.orangehrm.test.AddUserPageTest" name="call" time="27.193">
    <failure type="org.openqa.selenium.TimeoutException" message="Expected condition failed: waiting for element to be clickable: Proxy element for: DefaultElementLocator &amp;apos;By.cssSelector: //div[@class=&amp;apos;oxd-select-text-input&amp;apos;][normalize-space()=&amp;apos;Admin&amp;apos;]&amp;apos; (tried for 20 second(s) with 500 milliseconds interval)">
      <![CDATA[org.openqa.selenium.TimeoutException: Expected condition failed: waiting for element to be clickable: Proxy element for: DefaultElementLocator 'By.cssSelector: //div[@class='oxd-select-text-input'][normalize-space()='Admin']' (tried for 20 second(s) with 500 milliseconds interval)
at org.openqa.selenium.support.ui.WebDriverWait.timeoutException(WebDriverWait.java:87)
at org.openqa.selenium.support.ui.FluentWait.until(FluentWait.java:231)
at com.orangehrm.qa.abstractcomponent.TestUtil.waitForElementToBeClickable(TestUtil.java:30)
at com.orangrhrm.qa.pages.AddUserPage.selectUserRole(AddUserPage.java:51)
at com.orangehrm.test.AddUserPageTest.call(AddUserPageTest.java:35)
at java.base/java.util.ArrayList.forEach(ArrayList.java:1511)
Caused by: org.openqa.selenium.InvalidSelectorException: invalid selector: An invalid or illegal selector was specified
  (Session info: chrome=113.0.5672.127)
For documentation on this error, please visit: https://selenium.dev/exceptions/#invalid_selector_exception
Build info: version: '4.4.0', revision: 'e5c75ed026a'
System info: host: 'DESKTOP-FD7ROMO', ip: '192.168.43.82', os.name: 'Windows 10', os.arch: 'amd64', os.version: '10.0', java.version: '17'
Driver info: org.openqa.selenium.chrome.ChromeDriver
Command: [c8461ca52913143293dd5ce929d976f5, findElement {using=css selector, value=//div[@class='oxd-select-text-input'][normalize-space()='Admin']}]
Capabilities {acceptInsecureCerts: false, browserName: chrome, browserVersion: 113.0.5672.127, chrome: {chromedriverVersion: 113.0.5672.63 (0e1a4471d5ae..., userDataDir: C:\Users\khatu\AppData\Loca...}, goog:chromeOptions: {debuggerAddress: localhost:53004}, networkConnectionEnabled: false, pageLoadStrategy: normal, platformName: WINDOWS, proxy: Proxy(), se:cdp: ws://localhost:53004/devtoo..., se:cdpVersion: 113.0.5672.127, setWindowRect: true, strictFileInteractability: false, timeouts: {implicit: 0, pageLoad: 300000, script: 30000}, unhandledPromptBehavior: dismiss and notify, webauthn:extension:credBlob: true, webauthn:extension:largeBlob: true, webauthn:extension:minPinLength: true, webauthn:extension:prf: true, webauthn:virtualAuthenticators: true}
Session ID: c8461ca52913143293dd5ce929d976f5
at org.openqa.selenium.remote.codec.w3c.W3CHttpResponseCodec.createException(W3CHttpResponseCodec.java:200)
at org.openqa.selenium.remote.codec.w3c.W3CHttpResponseCodec.decode(W3CHttpResponseCodec.java:133)
at org.openqa.selenium.remote.codec.w3c.W3CHttpResponseCodec.decode(W3CHttpResponseCodec.java:53)
at org.openqa.selenium.remote.HttpCommandExecutor.execute(HttpCommandExecutor.java:184)
at org.openqa.selenium.remote.service.DriverCommandExecutor.invokeExecute(DriverCommandExecutor.java:167)
at org.openqa.selenium.remote.service.DriverCommandExecutor.execute(DriverCommandExecutor.java:142)
at org.openqa.selenium.remote.RemoteWebDriver.execute(RemoteWebDriver.java:547)
at org.openqa.selenium.remote.ElementLocation$ElementFinder$2.findElement(ElementLocation.java:162)
at org.openqa.selenium.remote.ElementLocation.findElement(ElementLocation.java:60)
at org.openqa.selenium.remote.RemoteWebDriver.findElement(RemoteWebDriver.java:365)
at org.openqa.selenium.remote.RemoteWebDriver.findElement(RemoteWebDriver.java:357)
at org.openqa.selenium.support.pagefactory.DefaultElementLocator.findElement(DefaultElementLocator.java:70)
at org.openqa.selenium.support.pagefactory.internal.LocatingElementHandler.invoke(LocatingElementHandler.java:39)
at jdk.proxy2/jdk.proxy2.$Proxy16.isDisplayed(Unknown Source)
at org.openqa.selenium.support.ui.ExpectedConditions.elementIfVisible(ExpectedConditions.java:307)
at org.openqa.selenium.support.ui.ExpectedConditions.access$000(ExpectedConditions.java:40)
at org.openqa.selenium.support.ui.ExpectedConditions$10.apply(ExpectedConditions.java:293)
at org.openqa.selenium.support.ui.ExpectedConditions$10.apply(ExpectedConditions.java:290)
at org.openqa.selenium.support.ui.ExpectedConditions$23.apply(ExpectedConditions.java:660)
at org.openqa.selenium.support.ui.ExpectedConditions$23.apply(ExpectedConditions.java:656)
at org.openqa.selenium.support.ui.FluentWait.until(FluentWait.java:208)
... 31 more
... Removed 31 stack frames]]>
    </failure>
  </testcase> <!-- call -->
  <testcase classname="com.orangehrm.test.AdminPageTest" name="validateAdminUserMgtText" time="0.552"/>
  <testcase classname="com.orangehrm.test.LoginPageTest" name="loginTestBlankUsernameBlankPassword" time="0.0">
    <skipped/>
  </testcase> <!-- loginTestBlankUsernameBlankPassword -->
  <testcase classname="com.orangehrm.test.LoginPageTest" name="loginTestBlankUsernameRightPassword" time="0.0">
    <skipped/>
  </testcase> <!-- loginTestBlankUsernameRightPassword -->
  <testcase classname="com.orangehrm.test.LoginPageTest" name="loginTestRightUsernameBlankPassword" time="0.0">
    <skipped/>
  </testcase> <!-- loginTestRightUsernameBlankPassword -->
  <testcase classname="com.orangehrm.test.LoginPageTest" name="loginTestRightUsernameWrongPassword" time="0.0">
    <skipped/>
  </testcase> <!-- loginTestRightUsernameWrongPassword -->
  <testcase classname="com.orangehrm.test.LoginPageTest" name="loginTestValidCredentilas" time="0.0">
    <skipped/>
  </testcase> <!-- loginTestValidCredentilas -->
  <testcase classname="com.orangehrm.test.LoginPageTest" name="loginTestWrongUsernameRightPassword" time="0.0">
    <skipped/>
  </testcase> <!-- loginTestWrongUsernameRightPassword -->
  <testcase classname="com.orangehrm.test.LoginPageTest" name="loginTestWrongUsernameWrongPassword" time="0.0">
    <skipped/>
  </testcase> <!-- loginTestWrongUsernameWrongPassword -->
  <testcase classname="com.orangehrm.test.LoginPageTest" name="validateLogin" time="0.0">
    <skipped/>
  </testcase> <!-- validateLogin -->
  <testcase classname="com.orangehrm.test.DashboardPageTest" name="getAdmin" time="2.512"/>
  <testcase classname="com.orangehrm.test.ForgotPasswordTest" name="validateResetPassword" time="1.883"/>
  <testcase classname="com.orangehrm.test.NationalitiesPageTest" name="verifyNationalitiesPage" time="7.998"/>
</testsuite> <!-- Test -->
